<?xml version="1.0" encoding="UTF-8"?>
<!-- Generated by org.testng.reporters.JUnitReportReporter -->
<testsuite hostname="LAPTOP-RN4SD1IS" failures="0" tests="2" name="tests.TestLoginpage" time="13.576" errors="0" timestamp="2023-03-24T17:57:37 IST" skipped="0">
  <testcase classname="tests.TestLoginpage" name="testsetup" time="11.441"/>
  <system-out/>
  <testcase classname="tests.TestLoginpage" name="testlogin" time="2.135"/>
  <system-out/>
</testsuite> <!-- tests.TestLoginpage -->
